2013/12/22 11:29:30 [error] [exception.CHttpException.403] exception 'CHttpException' with message 'You are not allowed to access this page.' in /home/romina/Documents/Workspace/sitioCarpinteriaHtml/yii/framework/gii/GiiModule.php:170
Stack trace:
#0 /home/romina/Documents/Workspace/sitioCarpinteriaHtml/yii/framework/web/CController.php(263): GiiModule->beforeControllerAction(Object(DefaultController), Object(CInlineAction))
#1 /home/romina/Documents/Workspace/sitioCarpinteriaHtml/yii/framework/web/CWebApplication.php(282): CController->run('')
#2 /home/romina/Documents/Workspace/sitioCarpinteriaHtml/yii/framework/web/CWebApplication.php(141): CWebApplication->runController('gii')
#3 /home/romina/Documents/Workspace/sitioCarpinteriaHtml/yii/framework/base/CApplication.php(180): CWebApplication->processRequest()
#4 /home/romina/Documents/Workspace/sitioCarpinteriaHtml/php/index.php(13): CApplication->run()
#5 {main}
REQUEST_URI=/carpinteria/php/index.php/gii
---
2013/12/22 11:37:46 [error] [exception.CHttpException.404] exception 'CHttpException' with message 'Unable to resolve the request "userr".' in /home/romina/Documents/Workspace/sitioCarpinteriaHtml/yii/framework/web/CWebApplication.php:286
Stack trace:
#0 /home/romina/Documents/Workspace/sitioCarpinteriaHtml/yii/framework/web/CWebApplication.php(141): CWebApplication->runController('userr')
#1 /home/romina/Documents/Workspace/sitioCarpinteriaHtml/yii/framework/base/CApplication.php(180): CWebApplication->processRequest()
#2 /home/romina/Documents/Workspace/sitioCarpinteriaHtml/php/index.php(13): CApplication->run()
#3 {main}
REQUEST_URI=/carpinteria/php/index.php/userr
---
2013/12/22 11:43:13 [error] [exception.CException] exception 'CException' with message 'Alias "extensions.bootstrap.components.Bootstrap" is invalid. Make sure it points to an existing directory or file.' in /home/romina/Documents/Workspace/sitioCarpinteriaHtml/yii/framework/YiiBase.php:347
Stack trace:
#0 /home/romina/Documents/Workspace/sitioCarpinteriaHtml/yii/framework/YiiBase.php(196): YiiBase::import('extensions.boot...', true)
#1 /home/romina/Documents/Workspace/sitioCarpinteriaHtml/yii/framework/base/CModule.php(386): YiiBase::createComponent(Array)
#2 /home/romina/Documents/Workspace/sitioCarpinteriaHtml/yii/framework/base/CModule.php(523): CModule->getComponent('bootstrap')
#3 /home/romina/Documents/Workspace/sitioCarpinteriaHtml/yii/framework/base/CApplication.php(163): CModule->preloadComponents()
#4 /home/romina/Documents/Workspace/sitioCarpinteriaHtml/yii/framework/YiiBase.php(125): CApplication->__construct('/home/romina/Do...')
#5 /home/romina/Documents/Workspace/sitioCarpinteriaHtml/yii/framework/YiiBase.php(98): YiiBase::createApplication('CWebApplication', '/home/romina/Do...')
#6 /home/romina/Documents/Workspace/sitioCarpinteriaHtml/php/index.php(13): YiiBase::createWebApplication('/home/romina/Do...')
#7 {main}
REQUEST_URI=/carpinteria/php/index.php/gii/crud/index
HTTP_REFERER=http://192.168.1.113/carpinteria/php/index.php/gii/controller/index
---
2013/12/22 11:43:31 [error] [exception.CException] exception 'CException' with message 'Alias "bootstraps.components.Bootstrap" is invalid. Make sure it points to an existing directory or file.' in /home/romina/Documents/Workspace/sitioCarpinteriaHtml/yii/framework/YiiBase.php:347
Stack trace:
#0 /home/romina/Documents/Workspace/sitioCarpinteriaHtml/yii/framework/YiiBase.php(196): YiiBase::import('bootstraps.comp...', true)
#1 /home/romina/Documents/Workspace/sitioCarpinteriaHtml/yii/framework/base/CModule.php(386): YiiBase::createComponent(Array)
#2 /home/romina/Documents/Workspace/sitioCarpinteriaHtml/yii/framework/base/CModule.php(523): CModule->getComponent('bootstrap')
#3 /home/romina/Documents/Workspace/sitioCarpinteriaHtml/yii/framework/base/CApplication.php(163): CModule->preloadComponents()
#4 /home/romina/Documents/Workspace/sitioCarpinteriaHtml/yii/framework/YiiBase.php(125): CApplication->__construct('/home/romina/Do...')
#5 /home/romina/Documents/Workspace/sitioCarpinteriaHtml/yii/framework/YiiBase.php(98): YiiBase::createApplication('CWebApplication', '/home/romina/Do...')
#6 /home/romina/Documents/Workspace/sitioCarpinteriaHtml/php/index.php(13): YiiBase::createWebApplication('/home/romina/Do...')
#7 {main}
REQUEST_URI=/carpinteria/php/index.php/gii/crud/index
HTTP_REFERER=http://192.168.1.113/carpinteria/php/index.php/gii/controller/index
---
2013/12/22 12:07:26 [error] [exception.CException] exception 'CException' with message 'Property "UserIdentity.email" is not defined.' in /home/romina/Documents/Workspace/sitioCarpinteriaHtml/yii/framework/base/CComponent.php:130
Stack trace:
#0 /home/romina/Documents/Workspace/sitioCarpinteriaHtml/php/protected/components/UserIdentity.php(17): CComponent->__get('email')
#1 /home/romina/Documents/Workspace/sitioCarpinteriaHtml/php/protected/models/LoginForm.php(52): UserIdentity->authenticate()
#2 /home/romina/Documents/Workspace/sitioCarpinteriaHtml/yii/framework/validators/CInlineValidator.php(42): LoginForm->authenticate('password', Array)
#3 /home/romina/Documents/Workspace/sitioCarpinteriaHtml/yii/framework/validators/CValidator.php(213): CInlineValidator->validateAttribute(Object(LoginForm), 'password')
#4 /home/romina/Documents/Workspace/sitioCarpinteriaHtml/yii/framework/base/CModel.php(159): CValidator->validate(Object(LoginForm), NULL)
#5 /home/romina/Documents/Workspace/sitioCarpinteriaHtml/php/protected/controllers/SiteController.php(94): CModel->validate()
#6 /home/romina/Documents/Workspace/sitioCarpinteriaHtml/yii/framework/web/actions/CInlineAction.php(49): SiteController->actionLogin()
#7 /home/romina/Documents/Workspace/sitioCarpinteriaHtml/yii/framework/web/CController.php(308): CInlineAction->runWithParams(Array)
#8 /home/romina/Documents/Workspace/sitioCarpinteriaHtml/yii/framework/web/CController.php(286): CController->runAction(Object(CInlineAction))
#9 /home/romina/Documents/Workspace/sitioCarpinteriaHtml/yii/framework/web/CController.php(265): CController->runActionWithFilters(Object(CInlineAction), Array)
#10 /home/romina/Documents/Workspace/sitioCarpinteriaHtml/yii/framework/web/CWebApplication.php(282): CController->run('login')
#11 /home/romina/Documents/Workspace/sitioCarpinteriaHtml/yii/framework/web/CWebApplication.php(141): CWebApplication->runController('site/login')
#12 /home/romina/Documents/Workspace/sitioCarpinteriaHtml/yii/framework/base/CApplication.php(180): CWebApplication->processRequest()
#13 /home/romina/Documents/Workspace/sitioCarpinteriaHtml/php/index.php(13): CApplication->run()
#14 {main}
REQUEST_URI=/carpinteria/php/index.php/site/login
HTTP_REFERER=http://192.168.1.113/carpinteria/php/index.php/site/login
---
2013/12/22 12:15:37 [error] [exception.CException] exception 'CException' with message 'Property "UserIdentity.email" is not defined.' in /home/romina/Documents/Workspace/sitioCarpinteriaHtml/yii/framework/base/CComponent.php:130
Stack trace:
#0 /home/romina/Documents/Workspace/sitioCarpinteriaHtml/php/protected/components/UserIdentity.php(17): CComponent->__get('email')
#1 /home/romina/Documents/Workspace/sitioCarpinteriaHtml/php/protected/models/LoginForm.php(52): UserIdentity->authenticate()
#2 /home/romina/Documents/Workspace/sitioCarpinteriaHtml/yii/framework/validators/CInlineValidator.php(42): LoginForm->authenticate('password', Array)
#3 /home/romina/Documents/Workspace/sitioCarpinteriaHtml/yii/framework/validators/CValidator.php(213): CInlineValidator->validateAttribute(Object(LoginForm), 'password')
#4 /home/romina/Documents/Workspace/sitioCarpinteriaHtml/yii/framework/base/CModel.php(159): CValidator->validate(Object(LoginForm), NULL)
#5 /home/romina/Documents/Workspace/sitioCarpinteriaHtml/php/protected/controllers/SiteController.php(94): CModel->validate()
#6 /home/romina/Documents/Workspace/sitioCarpinteriaHtml/yii/framework/web/actions/CInlineAction.php(49): SiteController->actionLogin()
#7 /home/romina/Documents/Workspace/sitioCarpinteriaHtml/yii/framework/web/CController.php(308): CInlineAction->runWithParams(Array)
#8 /home/romina/Documents/Workspace/sitioCarpinteriaHtml/yii/framework/web/CController.php(286): CController->runAction(Object(CInlineAction))
#9 /home/romina/Documents/Workspace/sitioCarpinteriaHtml/yii/framework/web/CController.php(265): CController->runActionWithFilters(Object(CInlineAction), Array)
#10 /home/romina/Documents/Workspace/sitioCarpinteriaHtml/yii/framework/web/CWebApplication.php(282): CController->run('login')
#11 /home/romina/Documents/Workspace/sitioCarpinteriaHtml/yii/framework/web/CWebApplication.php(141): CWebApplication->runController('site/login')
#12 /home/romina/Documents/Workspace/sitioCarpinteriaHtml/yii/framework/base/CApplication.php(180): CWebApplication->processRequest()
#13 /home/romina/Documents/Workspace/sitioCarpinteriaHtml/php/index.php(13): CApplication->run()
#14 {main}
REQUEST_URI=/carpinteria/php/index.php/site/login
HTTP_REFERER=http://192.168.1.113/carpinteria/php/index.php/site/login
---
2013/12/22 12:16:38 [error] [exception.CException] exception 'CException' with message 'Property "UserIdentity.email" is not defined.' in /home/romina/Documents/Workspace/sitioCarpinteriaHtml/yii/framework/base/CComponent.php:130
Stack trace:
#0 /home/romina/Documents/Workspace/sitioCarpinteriaHtml/php/protected/components/UserIdentity.php(17): CComponent->__get('email')
#1 /home/romina/Documents/Workspace/sitioCarpinteriaHtml/php/protected/models/LoginForm.php(52): UserIdentity->authenticate()
#2 /home/romina/Documents/Workspace/sitioCarpinteriaHtml/yii/framework/validators/CInlineValidator.php(42): LoginForm->authenticate('password', Array)
#3 /home/romina/Documents/Workspace/sitioCarpinteriaHtml/yii/framework/validators/CValidator.php(213): CInlineValidator->validateAttribute(Object(LoginForm), 'password')
#4 /home/romina/Documents/Workspace/sitioCarpinteriaHtml/yii/framework/base/CModel.php(159): CValidator->validate(Object(LoginForm), NULL)
#5 /home/romina/Documents/Workspace/sitioCarpinteriaHtml/php/protected/controllers/SiteController.php(94): CModel->validate()
#6 /home/romina/Documents/Workspace/sitioCarpinteriaHtml/yii/framework/web/actions/CInlineAction.php(49): SiteController->actionLogin()
#7 /home/romina/Documents/Workspace/sitioCarpinteriaHtml/yii/framework/web/CController.php(308): CInlineAction->runWithParams(Array)
#8 /home/romina/Documents/Workspace/sitioCarpinteriaHtml/yii/framework/web/CController.php(286): CController->runAction(Object(CInlineAction))
#9 /home/romina/Documents/Workspace/sitioCarpinteriaHtml/yii/framework/web/CController.php(265): CController->runActionWithFilters(Object(CInlineAction), Array)
#10 /home/romina/Documents/Workspace/sitioCarpinteriaHtml/yii/framework/web/CWebApplication.php(282): CController->run('login')
#11 /home/romina/Documents/Workspace/sitioCarpinteriaHtml/yii/framework/web/CWebApplication.php(141): CWebApplication->runController('site/login')
#12 /home/romina/Documents/Workspace/sitioCarpinteriaHtml/yii/framework/base/CApplication.php(180): CWebApplication->processRequest()
#13 /home/romina/Documents/Workspace/sitioCarpinteriaHtml/php/index.php(13): CApplication->run()
#14 {main}
REQUEST_URI=/carpinteria/php/index.php/site/login
HTTP_REFERER=http://192.168.1.113/carpinteria/php/index.php/site/login
---
2013/12/22 12:19:01 [error] [exception.CException] exception 'CException' with message 'Property "UserIdentity.email" is not defined.' in /home/romina/Documents/Workspace/sitioCarpinteriaHtml/yii/framework/base/CComponent.php:130
Stack trace:
#0 /home/romina/Documents/Workspace/sitioCarpinteriaHtml/php/protected/components/UserIdentity.php(17): CComponent->__get('email')
#1 /home/romina/Documents/Workspace/sitioCarpinteriaHtml/php/protected/models/LoginForm.php(52): UserIdentity->authenticate()
#2 /home/romina/Documents/Workspace/sitioCarpinteriaHtml/yii/framework/validators/CInlineValidator.php(42): LoginForm->authenticate('password', Array)
#3 /home/romina/Documents/Workspace/sitioCarpinteriaHtml/yii/framework/validators/CValidator.php(213): CInlineValidator->validateAttribute(Object(LoginForm), 'password')
#4 /home/romina/Documents/Workspace/sitioCarpinteriaHtml/yii/framework/base/CModel.php(159): CValidator->validate(Object(LoginForm), NULL)
#5 /home/romina/Documents/Workspace/sitioCarpinteriaHtml/php/protected/controllers/SessionController.php(28): CModel->validate()
#6 /home/romina/Documents/Workspace/sitioCarpinteriaHtml/yii/framework/web/actions/CInlineAction.php(49): SessionController->actionNew()
#7 /home/romina/Documents/Workspace/sitioCarpinteriaHtml/yii/framework/web/CController.php(308): CInlineAction->runWithParams(Array)
#8 /home/romina/Documents/Workspace/sitioCarpinteriaHtml/yii/framework/web/CController.php(286): CController->runAction(Object(CInlineAction))
#9 /home/romina/Documents/Workspace/sitioCarpinteriaHtml/yii/framework/web/CController.php(265): CController->runActionWithFilters(Object(CInlineAction), Array)
#10 /home/romina/Documents/Workspace/sitioCarpinteriaHtml/yii/framework/web/CWebApplication.php(282): CController->run('new')
#11 /home/romina/Documents/Workspace/sitioCarpinteriaHtml/yii/framework/web/CWebApplication.php(141): CWebApplication->runController('session/new')
#12 /home/romina/Documents/Workspace/sitioCarpinteriaHtml/yii/framework/base/CApplication.php(180): CWebApplication->processRequest()
#13 /home/romina/Documents/Workspace/sitioCarpinteriaHtml/php/index.php(13): CApplication->run()
#14 {main}
REQUEST_URI=/carpinteria/php/index.php/session/new
HTTP_REFERER=http://192.168.1.113/carpinteria/php/index.php/session/new
---
2013/12/22 12:19:27 [error] [exception.CException] exception 'CException' with message 'Property "LoginForm.email" is not defined.' in /home/romina/Documents/Workspace/sitioCarpinteriaHtml/yii/framework/base/CComponent.php:130
Stack trace:
#0 /home/romina/Documents/Workspace/sitioCarpinteriaHtml/yii/framework/web/helpers/CHtml.php(2529): CComponent->__get('email')
#1 /home/romina/Documents/Workspace/sitioCarpinteriaHtml/yii/framework/web/helpers/CHtml.php(2252): CHtml::resolveValue(Object(LoginForm), 'email')
#2 /home/romina/Documents/Workspace/sitioCarpinteriaHtml/yii/framework/web/helpers/CHtml.php(1434): CHtml::activeInputField('text', Object(LoginForm), 'email', Array)
#3 /home/romina/Documents/Workspace/sitioCarpinteriaHtml/yii/framework/web/widgets/CActiveForm.php(725): CHtml::activeTextField(Object(LoginForm), 'email', Array)
#4 /home/romina/Documents/Workspace/sitioCarpinteriaHtml/php/protected/views/session/new.php(22): CActiveForm->textField(Object(LoginForm), 'email')
#5 /home/romina/Documents/Workspace/sitioCarpinteriaHtml/yii/framework/web/CBaseController.php(126): require('/home/romina/Do...')
#6 /home/romina/Documents/Workspace/sitioCarpinteriaHtml/yii/framework/web/CBaseController.php(95): CBaseController->renderInternal('/home/romina/Do...', Array, true)
#7 /home/romina/Documents/Workspace/sitioCarpinteriaHtml/yii/framework/web/CController.php(869): CBaseController->renderFile('/home/romina/Do...', Array, true)
#8 /home/romina/Documents/Workspace/sitioCarpinteriaHtml/yii/framework/web/CController.php(782): CController->renderPartial('new', Array, true)
#9 /home/romina/Documents/Workspace/sitioCarpinteriaHtml/php/protected/controllers/SessionController.php(32): CController->render('new', Array)
#10 /home/romina/Documents/Workspace/sitioCarpinteriaHtml/yii/framework/web/actions/CInlineAction.php(49): SessionController->actionNew()
#11 /home/romina/Documents/Workspace/sitioCarpinteriaHtml/yii/framework/web/CController.php(308): CInlineAction->runWithParams(Array)
#12 /home/romina/Documents/Workspace/sitioCarpinteriaHtml/yii/framework/web/CController.php(286): CController->runAction(Object(CInlineAction))
#13 /home/romina/Documents/Workspace/sitioCarpinteriaHtml/yii/framework/web/CController.php(265): CController->runActionWithFilters(Object(CInlineAction), Array)
#14 /home/romina/Documents/Workspace/sitioCarpinteriaHtml/yii/framework/web/CWebApplication.php(282): CController->run('new')
#15 /home/romina/Documents/Workspace/sitioCarpinteriaHtml/yii/framework/web/CWebApplication.php(141): CWebApplication->runController('session/new')
#16 /home/romina/Documents/Workspace/sitioCarpinteriaHtml/yii/framework/base/CApplication.php(180): CWebApplication->processRequest()
#17 /home/romina/Documents/Workspace/sitioCarpinteriaHtml/php/index.php(13): CApplication->run()
#18 {main}
REQUEST_URI=/carpinteria/php/index.php/session/new
HTTP_REFERER=http://192.168.1.113/carpinteria/php/index.php
---
2013/12/22 12:21:17 [error] [exception.CException] exception 'CException' with message 'Property "UserIdentity.email" is not defined.' in /home/romina/Documents/Workspace/sitioCarpinteriaHtml/yii/framework/base/CComponent.php:130
Stack trace:
#0 /home/romina/Documents/Workspace/sitioCarpinteriaHtml/php/protected/components/UserIdentity.php(17): CComponent->__get('email')
#1 /home/romina/Documents/Workspace/sitioCarpinteriaHtml/php/protected/models/LoginForm.php(52): UserIdentity->authenticate()
#2 /home/romina/Documents/Workspace/sitioCarpinteriaHtml/yii/framework/validators/CInlineValidator.php(42): LoginForm->authenticate('password', Array)
#3 /home/romina/Documents/Workspace/sitioCarpinteriaHtml/yii/framework/validators/CValidator.php(213): CInlineValidator->validateAttribute(Object(LoginForm), 'password')
#4 /home/romina/Documents/Workspace/sitioCarpinteriaHtml/yii/framework/base/CModel.php(159): CValidator->validate(Object(LoginForm), NULL)
#5 /home/romina/Documents/Workspace/sitioCarpinteriaHtml/php/protected/controllers/SessionController.php(28): CModel->validate()
#6 /home/romina/Documents/Workspace/sitioCarpinteriaHtml/yii/framework/web/actions/CInlineAction.php(49): SessionController->actionNew()
#7 /home/romina/Documents/Workspace/sitioCarpinteriaHtml/yii/framework/web/CController.php(308): CInlineAction->runWithParams(Array)
#8 /home/romina/Documents/Workspace/sitioCarpinteriaHtml/yii/framework/web/CController.php(286): CController->runAction(Object(CInlineAction))
#9 /home/romina/Documents/Workspace/sitioCarpinteriaHtml/yii/framework/web/CController.php(265): CController->runActionWithFilters(Object(CInlineAction), Array)
#10 /home/romina/Documents/Workspace/sitioCarpinteriaHtml/yii/framework/web/CWebApplication.php(282): CController->run('new')
#11 /home/romina/Documents/Workspace/sitioCarpinteriaHtml/yii/framework/web/CWebApplication.php(141): CWebApplication->runController('session/new')
#12 /home/romina/Documents/Workspace/sitioCarpinteriaHtml/yii/framework/base/CApplication.php(180): CWebApplication->processRequest()
#13 /home/romina/Documents/Workspace/sitioCarpinteriaHtml/php/index.php(13): CApplication->run()
#14 {main}
REQUEST_URI=/carpinteria/php/index.php/session/new
HTTP_REFERER=http://192.168.1.113/carpinteria/php/index.php/session/new
---
2013/12/22 12:22:18 [error] [exception.CHttpException.404] exception 'CHttpException' with message 'Unable to resolve the request "default/index".' in /home/romina/Documents/Workspace/sitioCarpinteriaHtml/yii/framework/web/CWebApplication.php:286
Stack trace:
#0 /home/romina/Documents/Workspace/sitioCarpinteriaHtml/yii/framework/web/CWebApplication.php(141): CWebApplication->runController('default/index')
#1 /home/romina/Documents/Workspace/sitioCarpinteriaHtml/yii/framework/base/CApplication.php(180): CWebApplication->processRequest()
#2 /home/romina/Documents/Workspace/sitioCarpinteriaHtml/php/index.php(13): CApplication->run()
#3 {main}
REQUEST_URI=/carpinteria/php/index.php/default/index
HTTP_REFERER=http://192.168.1.113/carpinteria/php/index.php/session/new
---
